<?xml version="1.0" encoding="UTF-8"?>
<testng-results ignored="0" total="1" passed="1" failed="0" skipped="0">
  <reporter-output>
  </reporter-output>
  <suite started-at="2025-04-03T14:45:43 IST" name="Default suite" finished-at="2025-04-03T14:45:49 IST" duration-ms="5717">
    <groups>
    </groups>
    <test started-at="2025-04-03T14:45:43 IST" name="Default test" finished-at="2025-04-03T14:45:49 IST" duration-ms="5717">
      <class name="testScripts.ToolTipTest">
        <test-method signature="ToolTip()[pri:0, instance:testScripts.ToolTipTest@2794eab6]" started-at="2025-04-03T14:45:43 IST" name="ToolTip" finished-at="2025-04-03T14:45:49 IST" duration-ms="5656" status="PASS">
          <reporter-output>
          </reporter-output>
        </test-method> <!-- ToolTip -->
      </class> <!-- testScripts.ToolTipTest -->
    </test> <!-- Default test -->
  </suite> <!-- Default suite -->
</testng-results>
